[0.538s] Invoking command in '/home/aditi/turtlebot3_ws/build/turtlebot3_fake_node': CMAKE_PREFIX_PATH=${CMAKE_PREFIX_PATH}:/home/aditi/ws_moveit/install/moveit_configs_utils:/home/aditi/ws_moveit2/install/moveit_configs_utils:/home/aditi/ws_moveit2/install/launch_param_builder:/opt/ros/humble /usr/bin/cmake /home/aditi/turtlebot3_ws/src/turtlebot3_simulations/turtlebot3_fake_node -DAMENT_CMAKE_SYMLINK_INSTALL=1 -DCMAKE_INSTALL_PREFIX=/home/aditi/turtlebot3_ws/install/turtlebot3_fake_node
[0.705s] -- The C compiler identification is GNU 11.4.0
[0.846s] -- The CXX compiler identification is GNU 11.4.0
[0.864s] -- Detecting C compiler ABI info
[1.068s] -- Detecting C compiler ABI info - done
[1.090s] -- Check for working C compiler: /usr/bin/cc - skipped
[1.091s] -- Detecting C compile features
[1.091s] -- Detecting C compile features - done
[1.097s] -- Detecting CXX compiler ABI info
[1.340s] -- Detecting CXX compiler ABI info - done
[1.365s] -- Check for working CXX compiler: /usr/bin/c++ - skipped
[1.365s] -- Detecting CXX compile features
[1.366s] -- Detecting CXX compile features - done
[1.394s] -- Found ament_cmake: 1.3.12 (/opt/ros/humble/share/ament_cmake/cmake)
[1.844s] -- Found Python3: /usr/bin/python3 (found version "3.10.12") found components: Interpreter 
[2.013s] -- Override CMake install command with custom implementation using symlinks instead of copying resources
[2.345s] -- Found geometry_msgs: 4.9.0 (/opt/ros/humble/share/geometry_msgs/cmake)
[2.653s] -- Found rosidl_generator_c: 3.1.7 (/opt/ros/humble/share/rosidl_generator_c/cmake)
[2.706s] -- Found rosidl_adapter: 3.1.7 (/opt/ros/humble/share/rosidl_adapter/cmake)
[2.765s] -- Found rosidl_generator_cpp: 3.1.7 (/opt/ros/humble/share/rosidl_generator_cpp/cmake)
[2.850s] -- Using all available rosidl_typesupport_c: rosidl_typesupport_fastrtps_c;rosidl_typesupport_introspection_c
[2.962s] -- Using all available rosidl_typesupport_cpp: rosidl_typesupport_fastrtps_cpp;rosidl_typesupport_introspection_cpp
[3.160s] -- Found nav_msgs: 4.9.0 (/opt/ros/humble/share/nav_msgs/cmake)
[3.241s] -- Found rclcpp: 16.0.14 (/opt/ros/humble/share/rclcpp/cmake)
[3.479s] -- Found rmw_implementation_cmake: 6.1.2 (/opt/ros/humble/share/rmw_implementation_cmake/cmake)
[3.500s] -- Found rmw_fastrtps_cpp: 6.2.8 (/opt/ros/humble/share/rmw_fastrtps_cpp/cmake)
[3.800s] -- Found OpenSSL: /usr/lib/x86_64-linux-gnu/libcrypto.so (found version "3.0.2")  
[3.866s] -- Found FastRTPS: /opt/ros/humble/include  
[3.986s] -- Using RMW implementation 'rmw_fastrtps_cpp' as default
[4.037s] -- Looking for pthread.h
[4.172s] -- Looking for pthread.h - found
[4.172s] -- Performing Test CMAKE_HAVE_LIBC_PTHREAD
[4.306s] -- Performing Test CMAKE_HAVE_LIBC_PTHREAD - Success
[4.307s] -- Found Threads: TRUE  
[4.411s] -- Found sensor_msgs: 4.9.0 (/opt/ros/humble/share/sensor_msgs/cmake)
[4.448s] -- Found tf2: 0.25.16 (/opt/ros/humble/share/tf2/cmake)
[4.491s] -- Found tf2_msgs: 0.25.16 (/opt/ros/humble/share/tf2_msgs/cmake)
[4.609s] -- Found turtlebot3_msgs: 2.4.0 (/opt/ros/humble/share/turtlebot3_msgs/cmake)
[4.775s] -- Configuring done
[4.804s] -- Generating done
[4.815s] -- Build files have been written to: /home/aditi/turtlebot3_ws/build/turtlebot3_fake_node
[4.835s] Invoked command in '/home/aditi/turtlebot3_ws/build/turtlebot3_fake_node' returned '0': CMAKE_PREFIX_PATH=${CMAKE_PREFIX_PATH}:/home/aditi/ws_moveit/install/moveit_configs_utils:/home/aditi/ws_moveit2/install/moveit_configs_utils:/home/aditi/ws_moveit2/install/launch_param_builder:/opt/ros/humble /usr/bin/cmake /home/aditi/turtlebot3_ws/src/turtlebot3_simulations/turtlebot3_fake_node -DAMENT_CMAKE_SYMLINK_INSTALL=1 -DCMAKE_INSTALL_PREFIX=/home/aditi/turtlebot3_ws/install/turtlebot3_fake_node
[4.837s] Invoking command in '/home/aditi/turtlebot3_ws/build/turtlebot3_fake_node': CMAKE_PREFIX_PATH=${CMAKE_PREFIX_PATH}:/home/aditi/ws_moveit/install/moveit_configs_utils:/home/aditi/ws_moveit2/install/moveit_configs_utils:/home/aditi/ws_moveit2/install/launch_param_builder:/opt/ros/humble /usr/bin/cmake --build /home/aditi/turtlebot3_ws/build/turtlebot3_fake_node -- -j8 -l8
[4.978s] [ 50%] [32mBuilding CXX object CMakeFiles/turtlebot3_fake_node.dir/src/turtlebot3_fake_node.cpp.o[0m
[34.734s] [100%] [32m[1mLinking CXX executable turtlebot3_fake_node[0m
[36.921s] [100%] Built target turtlebot3_fake_node
[36.967s] Invoked command in '/home/aditi/turtlebot3_ws/build/turtlebot3_fake_node' returned '0': CMAKE_PREFIX_PATH=${CMAKE_PREFIX_PATH}:/home/aditi/ws_moveit/install/moveit_configs_utils:/home/aditi/ws_moveit2/install/moveit_configs_utils:/home/aditi/ws_moveit2/install/launch_param_builder:/opt/ros/humble /usr/bin/cmake --build /home/aditi/turtlebot3_ws/build/turtlebot3_fake_node -- -j8 -l8
[36.968s] Invoking command in '/home/aditi/turtlebot3_ws/build/turtlebot3_fake_node': CMAKE_PREFIX_PATH=${CMAKE_PREFIX_PATH}:/home/aditi/ws_moveit/install/moveit_configs_utils:/home/aditi/ws_moveit2/install/moveit_configs_utils:/home/aditi/ws_moveit2/install/launch_param_builder:/opt/ros/humble /usr/bin/cmake --install /home/aditi/turtlebot3_ws/build/turtlebot3_fake_node
[37.030s] -- Install configuration: ""
[37.032s] -- Execute custom install script
[37.032s] -- Symlinking: /home/aditi/turtlebot3_ws/install/turtlebot3_fake_node/lib/turtlebot3_fake_node/turtlebot3_fake_node
[37.101s] -- Symlinking: /home/aditi/turtlebot3_ws/install/turtlebot3_fake_node/share/turtlebot3_fake_node/launch/rviz2.launch.py
[37.169s] -- Symlinking: /home/aditi/turtlebot3_ws/install/turtlebot3_fake_node/share/turtlebot3_fake_node/launch/turtlebot3_fake_node.launch.py
[37.239s] -- Symlinking: /home/aditi/turtlebot3_ws/install/turtlebot3_fake_node/share/turtlebot3_fake_node/param/burger.yaml
[37.311s] -- Symlinking: /home/aditi/turtlebot3_ws/install/turtlebot3_fake_node/share/turtlebot3_fake_node/param/waffle.yaml
[37.379s] -- Symlinking: /home/aditi/turtlebot3_ws/install/turtlebot3_fake_node/share/turtlebot3_fake_node/param/waffle_pi.yaml
[37.416s] -- Symlinking: /home/aditi/turtlebot3_ws/install/turtlebot3_fake_node/include//turtlebot3_fake_node/turtlebot3_fake_node.hpp
[37.451s] -- Symlinking: /home/aditi/turtlebot3_ws/install/turtlebot3_fake_node/share/ament_index/resource_index/package_run_dependencies/turtlebot3_fake_node
[37.485s] -- Symlinking: /home/aditi/turtlebot3_ws/install/turtlebot3_fake_node/share/ament_index/resource_index/parent_prefix_path/turtlebot3_fake_node
[37.519s] -- Symlinking: /home/aditi/turtlebot3_ws/install/turtlebot3_fake_node/share/turtlebot3_fake_node/environment/ament_prefix_path.sh
[37.554s] -- Symlinking: /home/aditi/turtlebot3_ws/install/turtlebot3_fake_node/share/turtlebot3_fake_node/environment/ament_prefix_path.dsv
[37.590s] -- Symlinking: /home/aditi/turtlebot3_ws/install/turtlebot3_fake_node/share/turtlebot3_fake_node/environment/path.sh
[37.625s] -- Symlinking: /home/aditi/turtlebot3_ws/install/turtlebot3_fake_node/share/turtlebot3_fake_node/environment/path.dsv
[37.661s] -- Symlinking: /home/aditi/turtlebot3_ws/install/turtlebot3_fake_node/share/turtlebot3_fake_node/local_setup.bash
[37.695s] -- Symlinking: /home/aditi/turtlebot3_ws/install/turtlebot3_fake_node/share/turtlebot3_fake_node/local_setup.sh
[37.730s] -- Symlinking: /home/aditi/turtlebot3_ws/install/turtlebot3_fake_node/share/turtlebot3_fake_node/local_setup.zsh
[37.765s] -- Symlinking: /home/aditi/turtlebot3_ws/install/turtlebot3_fake_node/share/turtlebot3_fake_node/local_setup.dsv
[37.798s] -- Symlinking: /home/aditi/turtlebot3_ws/install/turtlebot3_fake_node/share/turtlebot3_fake_node/package.dsv
[37.833s] -- Symlinking: /home/aditi/turtlebot3_ws/install/turtlebot3_fake_node/share/ament_index/resource_index/packages/turtlebot3_fake_node
[37.868s] -- Symlinking: /home/aditi/turtlebot3_ws/install/turtlebot3_fake_node/share/turtlebot3_fake_node/cmake/ament_cmake_export_include_directories-extras.cmake
[37.901s] -- Symlinking: /home/aditi/turtlebot3_ws/install/turtlebot3_fake_node/share/turtlebot3_fake_node/cmake/ament_cmake_export_dependencies-extras.cmake
[37.936s] -- Symlinking: /home/aditi/turtlebot3_ws/install/turtlebot3_fake_node/share/turtlebot3_fake_node/cmake/turtlebot3_fake_nodeConfig.cmake
[37.971s] -- Symlinking: /home/aditi/turtlebot3_ws/install/turtlebot3_fake_node/share/turtlebot3_fake_node/cmake/turtlebot3_fake_nodeConfig-version.cmake
[38.005s] -- Symlinking: /home/aditi/turtlebot3_ws/install/turtlebot3_fake_node/share/turtlebot3_fake_node/package.xml
[38.050s] Invoked command in '/home/aditi/turtlebot3_ws/build/turtlebot3_fake_node' returned '0': CMAKE_PREFIX_PATH=${CMAKE_PREFIX_PATH}:/home/aditi/ws_moveit/install/moveit_configs_utils:/home/aditi/ws_moveit2/install/moveit_configs_utils:/home/aditi/ws_moveit2/install/launch_param_builder:/opt/ros/humble /usr/bin/cmake --install /home/aditi/turtlebot3_ws/build/turtlebot3_fake_node
