[1.844s] Invoking command in '/home/aditi/turtlebot3_ws/build/turtlebot3_example': PYTHONPATH=/home/aditi/turtlebot3_ws/build/turtlebot3_example/prefix_override:/usr/lib/python3/dist-packages/colcon_core/task/python/colcon_distutils_commands:/home/aditi/turtlebot3_ws/install/turtlebot3_example/lib/python3.10/site-packages:${PYTHONPATH} /usr/bin/python3 -W ignore:setup.py install is deprecated -W ignore:easy_install command is deprecated setup.py develop --editable --build-directory /home/aditi/turtlebot3_ws/build/turtlebot3_example/build --no-deps symlink_data
[2.573s] running develop
[2.825s] /usr/lib/python3/dist-packages/pkg_resources/__init__.py:116: PkgResourcesDeprecationWarning: 1.12.1-git20200711.33e2d80-dfsg1-0.6 is an invalid version and will not be supported in a future release
[2.825s]   warnings.warn(
[3.274s] running egg_info
[3.274s] creating turtlebot3_example.egg-info
[3.275s] writing turtlebot3_example.egg-info/PKG-INFO
[3.275s] writing dependency_links to turtlebot3_example.egg-info/dependency_links.txt
[3.275s] writing entry points to turtlebot3_example.egg-info/entry_points.txt
[3.275s] writing requirements to turtlebot3_example.egg-info/requires.txt
[3.276s] writing top-level names to turtlebot3_example.egg-info/top_level.txt
[3.276s] writing manifest file 'turtlebot3_example.egg-info/SOURCES.txt'
[3.282s] reading manifest file 'turtlebot3_example.egg-info/SOURCES.txt'
[3.291s] writing manifest file 'turtlebot3_example.egg-info/SOURCES.txt'
[3.375s] running build_ext
[3.376s] Creating /home/aditi/turtlebot3_ws/install/turtlebot3_example/lib/python3.10/site-packages/turtlebot3-example.egg-link (link to .)
[3.378s] Installing turtlebot3_absolute_move script to /home/aditi/turtlebot3_ws/install/turtlebot3_example/lib/turtlebot3_example
[3.378s] Installing turtlebot3_interactive_marker script to /home/aditi/turtlebot3_ws/install/turtlebot3_example/lib/turtlebot3_example
[3.378s] Installing turtlebot3_obstacle_detection script to /home/aditi/turtlebot3_ws/install/turtlebot3_example/lib/turtlebot3_example
[3.378s] Installing turtlebot3_patrol_client script to /home/aditi/turtlebot3_ws/install/turtlebot3_example/lib/turtlebot3_example
[3.379s] Installing turtlebot3_patrol_server script to /home/aditi/turtlebot3_ws/install/turtlebot3_example/lib/turtlebot3_example
[3.379s] Installing turtlebot3_relative_move script to /home/aditi/turtlebot3_ws/install/turtlebot3_example/lib/turtlebot3_example
[3.379s] 
[3.379s] Installed /home/aditi/turtlebot3_ws/build/turtlebot3_example
[3.379s] running symlink_data
[3.379s] creating /home/aditi/turtlebot3_ws/install/turtlebot3_example/share/ament_index
[3.380s] creating /home/aditi/turtlebot3_ws/install/turtlebot3_example/share/ament_index/resource_index
[3.380s] creating /home/aditi/turtlebot3_ws/install/turtlebot3_example/share/ament_index/resource_index/packages
[3.380s] symbolically linking /home/aditi/turtlebot3_ws/build/turtlebot3_example/resource/turtlebot3_example -> /home/aditi/turtlebot3_ws/install/turtlebot3_example/share/ament_index/resource_index/packages
[3.380s] symbolically linking /home/aditi/turtlebot3_ws/build/turtlebot3_example/package.xml -> /home/aditi/turtlebot3_ws/install/turtlebot3_example/share/turtlebot3_example
[3.731s] Invoked command in '/home/aditi/turtlebot3_ws/build/turtlebot3_example' returned '0': PYTHONPATH=/home/aditi/turtlebot3_ws/build/turtlebot3_example/prefix_override:/usr/lib/python3/dist-packages/colcon_core/task/python/colcon_distutils_commands:/home/aditi/turtlebot3_ws/install/turtlebot3_example/lib/python3.10/site-packages:${PYTHONPATH} /usr/bin/python3 -W ignore:setup.py install is deprecated -W ignore:easy_install command is deprecated setup.py develop --editable --build-directory /home/aditi/turtlebot3_ws/build/turtlebot3_example/build --no-deps symlink_data
