running egg_info
writing ../../build/gesture_control/gesture_control.egg-info/PKG-INFO
writing dependency_links to ../../build/gesture_control/gesture_control.egg-info/dependency_links.txt
writing entry points to ../../build/gesture_control/gesture_control.egg-info/entry_points.txt
writing requirements to ../../build/gesture_control/gesture_control.egg-info/requires.txt
writing top-level names to ../../build/gesture_control/gesture_control.egg-info/top_level.txt
reading manifest file '../../build/gesture_control/gesture_control.egg-info/SOURCES.txt'
writing manifest file '../../build/gesture_control/gesture_control.egg-info/SOURCES.txt'
running build
running build_py
copying gesture_control/gesture_cmdvel.py -> /home/aditi/turtlebot3_ws/build/gesture_control/build/lib/gesture_control
running install
running install_lib
copying /home/aditi/turtlebot3_ws/build/gesture_control/build/lib/gesture_control/gesture_cmdvel.py -> /home/aditi/turtlebot3_ws/install/gesture_control/lib/python3.10/site-packages/gesture_control
byte-compiling /home/aditi/turtlebot3_ws/install/gesture_control/lib/python3.10/site-packages/gesture_control/gesture_cmdvel.py to gesture_cmdvel.cpython-310.pyc
running install_data
running install_egg_info
removing '/home/aditi/turtlebot3_ws/install/gesture_control/lib/python3.10/site-packages/gesture_control-0.0.0-py3.10.egg-info' (and everything under it)
Copying ../../build/gesture_control/gesture_control.egg-info to /home/aditi/turtlebot3_ws/install/gesture_control/lib/python3.10/site-packages/gesture_control-0.0.0-py3.10.egg-info
running install_scripts
Installing gesture_cmdvel script to /home/aditi/turtlebot3_ws/install/gesture_control/lib/gesture_control
writing list of installed files to '/home/aditi/turtlebot3_ws/build/gesture_control/install.log'
