[1.034s] Invoking command in '/home/aditi/turtlebot3_ws/src/gesture_control': PYTHONPATH=/home/aditi/turtlebot3_ws/build/gesture_control/prefix_override:/usr/lib/python3/dist-packages/colcon_core/task/python/colcon_distutils_commands:/home/aditi/turtlebot3_ws/install/gesture_control/lib/python3.10/site-packages:${PYTHONPATH} /usr/bin/python3 -W ignore:setup.py install is deprecated -W ignore:easy_install command is deprecated setup.py egg_info --egg-base ../../build/gesture_control build --build-base /home/aditi/turtlebot3_ws/build/gesture_control/build install --record /home/aditi/turtlebot3_ws/build/gesture_control/install.log --single-version-externally-managed install_data
[1.434s] running egg_info
[1.435s] writing ../../build/gesture_control/gesture_control.egg-info/PKG-INFO
[1.435s] writing dependency_links to ../../build/gesture_control/gesture_control.egg-info/dependency_links.txt
[1.435s] writing entry points to ../../build/gesture_control/gesture_control.egg-info/entry_points.txt
[1.435s] writing requirements to ../../build/gesture_control/gesture_control.egg-info/requires.txt
[1.436s] writing top-level names to ../../build/gesture_control/gesture_control.egg-info/top_level.txt
[1.437s] reading manifest file '../../build/gesture_control/gesture_control.egg-info/SOURCES.txt'
[1.438s] writing manifest file '../../build/gesture_control/gesture_control.egg-info/SOURCES.txt'
[1.439s] running build
[1.439s] running build_py
[1.439s] copying gesture_control/gesture_cmdvel.py -> /home/aditi/turtlebot3_ws/build/gesture_control/build/lib/gesture_control
[1.439s] running install
[1.440s] running install_lib
[1.441s] copying /home/aditi/turtlebot3_ws/build/gesture_control/build/lib/gesture_control/gesture_cmdvel.py -> /home/aditi/turtlebot3_ws/install/gesture_control/lib/python3.10/site-packages/gesture_control
[1.441s] byte-compiling /home/aditi/turtlebot3_ws/install/gesture_control/lib/python3.10/site-packages/gesture_control/gesture_cmdvel.py to gesture_cmdvel.cpython-310.pyc
[1.442s] running install_data
[1.443s] running install_egg_info
[1.445s] removing '/home/aditi/turtlebot3_ws/install/gesture_control/lib/python3.10/site-packages/gesture_control-0.0.0-py3.10.egg-info' (and everything under it)
[1.445s] Copying ../../build/gesture_control/gesture_control.egg-info to /home/aditi/turtlebot3_ws/install/gesture_control/lib/python3.10/site-packages/gesture_control-0.0.0-py3.10.egg-info
[1.446s] running install_scripts
[1.471s] Installing gesture_cmdvel script to /home/aditi/turtlebot3_ws/install/gesture_control/lib/gesture_control
[1.472s] writing list of installed files to '/home/aditi/turtlebot3_ws/build/gesture_control/install.log'
[1.499s] Invoked command in '/home/aditi/turtlebot3_ws/src/gesture_control' returned '0': PYTHONPATH=/home/aditi/turtlebot3_ws/build/gesture_control/prefix_override:/usr/lib/python3/dist-packages/colcon_core/task/python/colcon_distutils_commands:/home/aditi/turtlebot3_ws/install/gesture_control/lib/python3.10/site-packages:${PYTHONPATH} /usr/bin/python3 -W ignore:setup.py install is deprecated -W ignore:easy_install command is deprecated setup.py egg_info --egg-base ../../build/gesture_control build --build-base /home/aditi/turtlebot3_ws/build/gesture_control/build install --record /home/aditi/turtlebot3_ws/build/gesture_control/install.log --single-version-externally-managed install_data
