[1.716s] Invoking command in '/home/aditi/turtlebot3_ws/build/turtlebot3_teleop': PYTHONPATH=/home/aditi/turtlebot3_ws/build/turtlebot3_teleop/prefix_override:/usr/lib/python3/dist-packages/colcon_core/task/python/colcon_distutils_commands:/home/aditi/turtlebot3_ws/install/turtlebot3_teleop/lib/python3.10/site-packages:${PYTHONPATH} /usr/bin/python3 -W ignore:setup.py install is deprecated -W ignore:easy_install command is deprecated setup.py develop --editable --build-directory /home/aditi/turtlebot3_ws/build/turtlebot3_teleop/build --no-deps symlink_data
[2.218s] running develop
[2.475s] /usr/lib/python3/dist-packages/pkg_resources/__init__.py:116: PkgResourcesDeprecationWarning: 1.12.1-git20200711.33e2d80-dfsg1-0.6 is an invalid version and will not be supported in a future release
[2.475s]   warnings.warn(
[3.039s] running egg_info
[3.039s] creating turtlebot3_teleop.egg-info
[3.040s] writing turtlebot3_teleop.egg-info/PKG-INFO
[3.041s] writing dependency_links to turtlebot3_teleop.egg-info/dependency_links.txt
[3.041s] writing entry points to turtlebot3_teleop.egg-info/entry_points.txt
[3.042s] writing requirements to turtlebot3_teleop.egg-info/requires.txt
[3.043s] writing top-level names to turtlebot3_teleop.egg-info/top_level.txt
[3.043s] writing manifest file 'turtlebot3_teleop.egg-info/SOURCES.txt'
[3.048s] reading manifest file 'turtlebot3_teleop.egg-info/SOURCES.txt'
[3.050s] writing manifest file 'turtlebot3_teleop.egg-info/SOURCES.txt'
[3.156s] running build_ext
[3.156s] Creating /home/aditi/turtlebot3_ws/install/turtlebot3_teleop/lib/python3.10/site-packages/turtlebot3-teleop.egg-link (link to .)
[3.162s] Installing teleop_keyboard script to /home/aditi/turtlebot3_ws/install/turtlebot3_teleop/lib/turtlebot3_teleop
[3.163s] 
[3.163s] Installed /home/aditi/turtlebot3_ws/build/turtlebot3_teleop
[3.163s] running symlink_data
[3.163s] creating /home/aditi/turtlebot3_ws/install/turtlebot3_teleop/share/ament_index
[3.163s] creating /home/aditi/turtlebot3_ws/install/turtlebot3_teleop/share/ament_index/resource_index
[3.164s] creating /home/aditi/turtlebot3_ws/install/turtlebot3_teleop/share/ament_index/resource_index/packages
[3.164s] symbolically linking /home/aditi/turtlebot3_ws/build/turtlebot3_teleop/resource/turtlebot3_teleop -> /home/aditi/turtlebot3_ws/install/turtlebot3_teleop/share/ament_index/resource_index/packages
[3.164s] symbolically linking /home/aditi/turtlebot3_ws/build/turtlebot3_teleop/package.xml -> /home/aditi/turtlebot3_ws/install/turtlebot3_teleop/share/turtlebot3_teleop
[3.233s] Invoked command in '/home/aditi/turtlebot3_ws/build/turtlebot3_teleop' returned '0': PYTHONPATH=/home/aditi/turtlebot3_ws/build/turtlebot3_teleop/prefix_override:/usr/lib/python3/dist-packages/colcon_core/task/python/colcon_distutils_commands:/home/aditi/turtlebot3_ws/install/turtlebot3_teleop/lib/python3.10/site-packages:${PYTHONPATH} /usr/bin/python3 -W ignore:setup.py install is deprecated -W ignore:easy_install command is deprecated setup.py develop --editable --build-directory /home/aditi/turtlebot3_ws/build/turtlebot3_teleop/build --no-deps symlink_data
