[0.077s] Invoking command in '/home/aditi/turtlebot3_ws/build/turtlebot3_cartographer': CMAKE_PREFIX_PATH=${CMAKE_PREFIX_PATH}:/home/aditi/ws_moveit/install/moveit_configs_utils:/home/aditi/ws_moveit2/install/moveit_configs_utils:/home/aditi/ws_moveit2/install/launch_param_builder:/opt/ros/humble /usr/bin/cmake /home/aditi/turtlebot3_ws/src/turtlebot3/turtlebot3_cartographer -DAMENT_CMAKE_SYMLINK_INSTALL=1 -DCMAKE_INSTALL_PREFIX=/home/aditi/turtlebot3_ws/install/turtlebot3_cartographer
[0.585s] -- The C compiler identification is GNU 11.4.0
[0.586s] -- The CXX compiler identification is GNU 11.4.0
[0.586s] -- Detecting C compiler ABI info
[0.586s] -- Detecting C compiler ABI info - done
[0.586s] -- Check for working C compiler: /usr/bin/cc - skipped
[0.587s] -- Detecting C compile features
[0.587s] -- Detecting C compile features - done
[0.587s] -- Detecting CXX compiler ABI info
[0.632s] -- Detecting CXX compiler ABI info - done
[0.655s] -- Check for working CXX compiler: /usr/bin/c++ - skipped
[0.655s] -- Detecting CXX compile features
[0.656s] -- Detecting CXX compile features - done
[0.696s] -- Found ament_cmake: 1.3.12 (/opt/ros/humble/share/ament_cmake/cmake)
[1.146s] -- Found Python3: /usr/bin/python3 (found version "3.10.12") found components: Interpreter 
[1.302s] -- Override CMake install command with custom implementation using symlinks instead of copying resources
[1.818s] -- Configuring done
[1.822s] -- Generating done
[1.825s] -- Build files have been written to: /home/aditi/turtlebot3_ws/build/turtlebot3_cartographer
[1.852s] Invoked command in '/home/aditi/turtlebot3_ws/build/turtlebot3_cartographer' returned '0': CMAKE_PREFIX_PATH=${CMAKE_PREFIX_PATH}:/home/aditi/ws_moveit/install/moveit_configs_utils:/home/aditi/ws_moveit2/install/moveit_configs_utils:/home/aditi/ws_moveit2/install/launch_param_builder:/opt/ros/humble /usr/bin/cmake /home/aditi/turtlebot3_ws/src/turtlebot3/turtlebot3_cartographer -DAMENT_CMAKE_SYMLINK_INSTALL=1 -DCMAKE_INSTALL_PREFIX=/home/aditi/turtlebot3_ws/install/turtlebot3_cartographer
[1.853s] Invoking command in '/home/aditi/turtlebot3_ws/build/turtlebot3_cartographer': CMAKE_PREFIX_PATH=${CMAKE_PREFIX_PATH}:/home/aditi/ws_moveit/install/moveit_configs_utils:/home/aditi/ws_moveit2/install/moveit_configs_utils:/home/aditi/ws_moveit2/install/launch_param_builder:/opt/ros/humble /usr/bin/cmake --build /home/aditi/turtlebot3_ws/build/turtlebot3_cartographer -- -j8 -l8
[2.259s] Invoked command in '/home/aditi/turtlebot3_ws/build/turtlebot3_cartographer' returned '0': CMAKE_PREFIX_PATH=${CMAKE_PREFIX_PATH}:/home/aditi/ws_moveit/install/moveit_configs_utils:/home/aditi/ws_moveit2/install/moveit_configs_utils:/home/aditi/ws_moveit2/install/launch_param_builder:/opt/ros/humble /usr/bin/cmake --build /home/aditi/turtlebot3_ws/build/turtlebot3_cartographer -- -j8 -l8
[2.283s] Invoking command in '/home/aditi/turtlebot3_ws/build/turtlebot3_cartographer': CMAKE_PREFIX_PATH=${CMAKE_PREFIX_PATH}:/home/aditi/ws_moveit/install/moveit_configs_utils:/home/aditi/ws_moveit2/install/moveit_configs_utils:/home/aditi/ws_moveit2/install/launch_param_builder:/opt/ros/humble /usr/bin/cmake --install /home/aditi/turtlebot3_ws/build/turtlebot3_cartographer
[2.478s] -- Install configuration: ""
[2.479s] -- Execute custom install script
[2.479s] -- Symlinking: /home/aditi/turtlebot3_ws/install/turtlebot3_cartographer/share/turtlebot3_cartographer/config/turtlebot3_lds_2d.lua
[2.479s] -- Symlinking: /home/aditi/turtlebot3_ws/install/turtlebot3_cartographer/share/turtlebot3_cartographer/launch/cartographer.launch.py
[2.480s] -- Symlinking: /home/aditi/turtlebot3_ws/install/turtlebot3_cartographer/share/turtlebot3_cartographer/launch/occupancy_grid.launch.py
[2.480s] -- Symlinking: /home/aditi/turtlebot3_ws/install/turtlebot3_cartographer/share/turtlebot3_cartographer/rviz/tb3_cartographer.rviz
[2.480s] -- Symlinking: /home/aditi/turtlebot3_ws/install/turtlebot3_cartographer/share/ament_index/resource_index/package_run_dependencies/turtlebot3_cartographer
[2.481s] -- Symlinking: /home/aditi/turtlebot3_ws/install/turtlebot3_cartographer/share/ament_index/resource_index/parent_prefix_path/turtlebot3_cartographer
[2.487s] -- Symlinking: /home/aditi/turtlebot3_ws/install/turtlebot3_cartographer/share/turtlebot3_cartographer/environment/ament_prefix_path.sh
[2.510s] -- Symlinking: /home/aditi/turtlebot3_ws/install/turtlebot3_cartographer/share/turtlebot3_cartographer/environment/ament_prefix_path.dsv
[2.540s] -- Symlinking: /home/aditi/turtlebot3_ws/install/turtlebot3_cartographer/share/turtlebot3_cartographer/environment/path.sh
[2.572s] -- Symlinking: /home/aditi/turtlebot3_ws/install/turtlebot3_cartographer/share/turtlebot3_cartographer/environment/path.dsv
[2.598s] -- Symlinking: /home/aditi/turtlebot3_ws/install/turtlebot3_cartographer/share/turtlebot3_cartographer/local_setup.bash
[2.631s] -- Symlinking: /home/aditi/turtlebot3_ws/install/turtlebot3_cartographer/share/turtlebot3_cartographer/local_setup.sh
[2.653s] -- Symlinking: /home/aditi/turtlebot3_ws/install/turtlebot3_cartographer/share/turtlebot3_cartographer/local_setup.zsh
[2.682s] -- Symlinking: /home/aditi/turtlebot3_ws/install/turtlebot3_cartographer/share/turtlebot3_cartographer/local_setup.dsv
[2.706s] -- Symlinking: /home/aditi/turtlebot3_ws/install/turtlebot3_cartographer/share/turtlebot3_cartographer/package.dsv
[2.731s] -- Symlinking: /home/aditi/turtlebot3_ws/install/turtlebot3_cartographer/share/ament_index/resource_index/packages/turtlebot3_cartographer
[2.752s] -- Symlinking: /home/aditi/turtlebot3_ws/install/turtlebot3_cartographer/share/turtlebot3_cartographer/cmake/turtlebot3_cartographerConfig.cmake
[2.774s] -- Symlinking: /home/aditi/turtlebot3_ws/install/turtlebot3_cartographer/share/turtlebot3_cartographer/cmake/turtlebot3_cartographerConfig-version.cmake
[2.800s] -- Symlinking: /home/aditi/turtlebot3_ws/install/turtlebot3_cartographer/share/turtlebot3_cartographer/package.xml
[2.831s] Invoked command in '/home/aditi/turtlebot3_ws/build/turtlebot3_cartographer' returned '0': CMAKE_PREFIX_PATH=${CMAKE_PREFIX_PATH}:/home/aditi/ws_moveit/install/moveit_configs_utils:/home/aditi/ws_moveit2/install/moveit_configs_utils:/home/aditi/ws_moveit2/install/launch_param_builder:/opt/ros/humble /usr/bin/cmake --install /home/aditi/turtlebot3_ws/build/turtlebot3_cartographer
