[0.534s] Invoking command in '/home/aditi/turtlebot3_ws/build/turtlebot3_gazebo': CMAKE_PREFIX_PATH=${CMAKE_PREFIX_PATH}:/home/aditi/ws_moveit/install/moveit_configs_utils:/home/aditi/ws_moveit2/install/moveit_configs_utils:/home/aditi/ws_moveit2/install/launch_param_builder:/opt/ros/humble /usr/bin/cmake /home/aditi/turtlebot3_ws/src/turtlebot3_simulations/turtlebot3_gazebo -DAMENT_CMAKE_SYMLINK_INSTALL=1 -DCMAKE_INSTALL_PREFIX=/home/aditi/turtlebot3_ws/install/turtlebot3_gazebo
[0.692s] -- The C compiler identification is GNU 11.4.0
[0.828s] -- The CXX compiler identification is GNU 11.4.0
[0.848s] -- Detecting C compiler ABI info
[1.056s] -- Detecting C compiler ABI info - done
[1.078s] -- Check for working C compiler: /usr/bin/cc - skipped
[1.078s] -- Detecting C compile features
[1.079s] -- Detecting C compile features - done
[1.085s] -- Detecting CXX compiler ABI info
[1.320s] -- Detecting CXX compiler ABI info - done
[1.345s] -- Check for working CXX compiler: /usr/bin/c++ - skipped
[1.346s] -- Detecting CXX compile features
[1.350s] -- Detecting CXX compile features - done
[1.375s] -- Found ament_cmake: 1.3.12 (/opt/ros/humble/share/ament_cmake/cmake)
[1.824s] -- Found Python3: /usr/bin/python3 (found version "3.10.12") found components: Interpreter 
[1.965s] -- Override CMake install command with custom implementation using symlinks instead of copying resources
[2.337s] [33mCMake Warning (dev) at /usr/share/cmake-3.22/Modules/FindPackageHandleStandardArgs.cmake:438 (message):
[2.337s]   The package name passed to `find_package_handle_standard_args` (PkgConfig)
[2.337s]   does not match the name of the calling package (gazebo).  This can lead to
[2.337s]   problems in calling code that expects `find_package` result variables
[2.338s]   (e.g., `_FOUND`) to follow a certain pattern.
[2.338s] Call Stack (most recent call first):
[2.339s]   /usr/share/cmake-3.22/Modules/FindPkgConfig.cmake:99 (find_package_handle_standard_args)
[2.339s]   /usr/lib/x86_64-linux-gnu/cmake/gazebo/gazebo-config.cmake:72 (include)
[2.339s]   CMakeLists.txt:23 (find_package)
[2.339s] This warning is for project developers.  Use -Wno-dev to suppress it.
[2.340s] [0m
[2.340s] -- Found PkgConfig: /usr/bin/pkg-config (found version "0.29.2") 
[2.350s] -- Checking for module 'bullet>=2.82'
[2.402s] --   Found bullet, version 3.05
[2.849s] -- Found fcl: /usr/include (found suitable version "0.7.0", minimum required is "0.5.0") 
[3.055s] -- Found assimp: /usr/include (found version "5.2.0") 
[3.208s] -- Found DART: /usr/include (Required is at least version "6.6") found components: dart 
[3.709s] -- Found Boost: /usr/lib/x86_64-linux-gnu/cmake/Boost-1.74.0/BoostConfig.cmake (found suitable version "1.74.0", minimum required is "1.40.0") found components: thread system filesystem program_options regex iostreams date_time 
[3.760s] -- Found Protobuf: /usr/lib/x86_64-linux-gnu/libprotobuf.so (found version "3.12.4") 
[3.795s] -- Looking for ignition-math6 -- found version 6.15.1
[3.820s] -- Searching for dependencies of ignition-math6
[3.823s] -- Looking for OGRE...
[3.824s] -- OGRE_PREFIX_WATCH changed.
[3.837s] -- Checking for module 'OGRE'
[3.878s] --   Found OGRE, version 1.9.0
[3.981s] -- Found Ogre Ghadamon (1.9.0)
[4.036s] -- Found OGRE: optimized;/usr/lib/x86_64-linux-gnu/libOgreMain.so;debug;/usr/lib/x86_64-linux-gnu/libOgreMain.so
[4.047s] -- Looking for OGRE_Paging...
[4.072s] -- Found OGRE_Paging: optimized;/usr/lib/x86_64-linux-gnu/libOgrePaging.so;debug;/usr/lib/x86_64-linux-gnu/libOgrePaging.so
[4.072s] -- Looking for OGRE_Terrain...
[4.098s] -- Found OGRE_Terrain: optimized;/usr/lib/x86_64-linux-gnu/libOgreTerrain.so;debug;/usr/lib/x86_64-linux-gnu/libOgreTerrain.so
[4.099s] -- Looking for OGRE_Property...
[4.123s] -- Found OGRE_Property: optimized;/usr/lib/x86_64-linux-gnu/libOgreProperty.so;debug;/usr/lib/x86_64-linux-gnu/libOgreProperty.so
[4.123s] -- Looking for OGRE_RTShaderSystem...
[4.149s] -- Found OGRE_RTShaderSystem: optimized;/usr/lib/x86_64-linux-gnu/libOgreRTShaderSystem.so;debug;/usr/lib/x86_64-linux-gnu/libOgreRTShaderSystem.so
[4.149s] -- Looking for OGRE_Volume...
[4.175s] -- Found OGRE_Volume: optimized;/usr/lib/x86_64-linux-gnu/libOgreVolume.so;debug;/usr/lib/x86_64-linux-gnu/libOgreVolume.so
[4.176s] -- Looking for OGRE_Overlay...
[4.201s] -- Found OGRE_Overlay: optimized;/usr/lib/x86_64-linux-gnu/libOgreOverlay.so;debug;/usr/lib/x86_64-linux-gnu/libOgreOverlay.so
[4.827s] -- Looking for ignition-math6 -- found version 6.15.1
[4.844s] -- Looking for ignition-transport8 -- found version 8.2.1
[4.844s] -- Searching for dependencies of ignition-transport8
[4.892s] -- Found Protobuf: /usr/lib/x86_64-linux-gnu/libprotobuf.so (found suitable version "3.12.4", minimum required is "3") 
[4.924s] -- Config-file not installed for ZeroMQ -- checking for pkg-config
[4.933s] -- Checking for module 'libzmq >= 4'
[4.970s] --   Found libzmq , version 4.3.4
[5.066s] -- Found ZeroMQ: TRUE (Required is at least version "4") 
[5.098s] -- Checking for module 'uuid'
[5.190s] --   Found uuid, version 2.37.2
[5.341s] -- Found UUID: TRUE  
[5.371s] -- Looking for ignition-msgs5 -- found version 5.8.1
[5.371s] -- Searching for dependencies of ignition-msgs5
[5.450s] -- Looking for ignition-math6 -- found version 6.15.1
[5.469s] -- Checking for module 'tinyxml2'
[5.563s] --   Found tinyxml2, version 9.0.0
[5.756s] -- Looking for ignition-msgs5 -- found version 5.8.1
[5.789s] -- Looking for ignition-common3 -- found version 3.14.0
[5.789s] -- Searching for dependencies of ignition-common3
[5.797s] -- Looking for dlfcn.h - found
[5.807s] -- Looking for libdl - found
[5.811s] -- Found DL: TRUE  
[5.871s] -- Found tinyobjloader: /usr/lib/x86_64-linux-gnu/cmake/tinyobjloader/tinyobjloader-config.cmake (found version "2.0.0") 
[5.874s] -- Searching for <ignition-common3> component [graphics]
[5.910s] -- Looking for ignition-common3-graphics -- found version 3.14.0
[5.910s] -- Searching for dependencies of ignition-common3-graphics
[5.910s] -- Looking for ignition-math6 -- found version 6.15.1
[5.969s] -- Looking for ignition-fuel_tools4 -- found version 4.4.0
[5.970s] -- Searching for dependencies of ignition-fuel_tools4
[6.399s] -- Found CURL: /usr/lib/x86_64-linux-gnu/libcurl.so (found version "7.81.0")  
[6.483s] -- Checking for module 'jsoncpp'
[6.595s] --   Found jsoncpp, version 1.9.5
[6.807s] -- Found JSONCPP: TRUE  
[6.880s] -- Checking for module 'libzip'
[6.982s] --   Found libzip, version 1.7.3
[7.195s] -- Found ZIP: TRUE  
[7.195s] -- Looking for ignition-common3 -- found version 3.14.0
[7.202s] -- Looking for ignition-math6 -- found version 6.15.1
[7.202s] -- Looking for ignition-msgs5 -- found version 5.8.1
[7.316s] -- Found gazebo_ros_pkgs: 3.9.0 (/opt/ros/humble/share/gazebo_ros_pkgs/cmake)
[7.365s] -- Found geometry_msgs: 4.9.0 (/opt/ros/humble/share/geometry_msgs/cmake)
[7.726s] -- Found rosidl_generator_c: 3.1.7 (/opt/ros/humble/share/rosidl_generator_c/cmake)
[7.833s] -- Found rosidl_adapter: 3.1.7 (/opt/ros/humble/share/rosidl_adapter/cmake)
[7.912s] -- Found rosidl_generator_cpp: 3.1.7 (/opt/ros/humble/share/rosidl_generator_cpp/cmake)
[7.993s] -- Using all available rosidl_typesupport_c: rosidl_typesupport_fastrtps_c;rosidl_typesupport_introspection_c
[8.134s] -- Using all available rosidl_typesupport_cpp: rosidl_typesupport_fastrtps_cpp;rosidl_typesupport_introspection_cpp
[8.357s] -- Found nav_msgs: 4.9.0 (/opt/ros/humble/share/nav_msgs/cmake)
[8.484s] -- Found rclcpp: 16.0.14 (/opt/ros/humble/share/rclcpp/cmake)
[8.780s] -- Found rmw_implementation_cmake: 6.1.2 (/opt/ros/humble/share/rmw_implementation_cmake/cmake)
[8.816s] -- Found rmw_fastrtps_cpp: 6.2.8 (/opt/ros/humble/share/rmw_fastrtps_cpp/cmake)
[9.232s] -- Found OpenSSL: /usr/lib/x86_64-linux-gnu/libcrypto.so (found version "3.0.2")  
[9.329s] -- Found FastRTPS: /opt/ros/humble/include  
[9.494s] -- Using RMW implementation 'rmw_fastrtps_cpp' as default
[9.581s] -- Found Threads: TRUE  
[9.754s] -- Found sensor_msgs: 4.9.0 (/opt/ros/humble/share/sensor_msgs/cmake)
[9.819s] -- Found tf2: 0.25.16 (/opt/ros/humble/share/tf2/cmake)
[10.181s] -- Configuring done
[10.372s] -- Generating done
[10.399s] -- Build files have been written to: /home/aditi/turtlebot3_ws/build/turtlebot3_gazebo
[10.458s] Invoked command in '/home/aditi/turtlebot3_ws/build/turtlebot3_gazebo' returned '0': CMAKE_PREFIX_PATH=${CMAKE_PREFIX_PATH}:/home/aditi/ws_moveit/install/moveit_configs_utils:/home/aditi/ws_moveit2/install/moveit_configs_utils:/home/aditi/ws_moveit2/install/launch_param_builder:/opt/ros/humble /usr/bin/cmake /home/aditi/turtlebot3_ws/src/turtlebot3_simulations/turtlebot3_gazebo -DAMENT_CMAKE_SYMLINK_INSTALL=1 -DCMAKE_INSTALL_PREFIX=/home/aditi/turtlebot3_ws/install/turtlebot3_gazebo
[10.460s] Invoking command in '/home/aditi/turtlebot3_ws/build/turtlebot3_gazebo': CMAKE_PREFIX_PATH=${CMAKE_PREFIX_PATH}:/home/aditi/ws_moveit/install/moveit_configs_utils:/home/aditi/ws_moveit2/install/moveit_configs_utils:/home/aditi/ws_moveit2/install/launch_param_builder:/opt/ros/humble /usr/bin/cmake --build /home/aditi/turtlebot3_ws/build/turtlebot3_gazebo -- -j8 -l8
[10.806s] [  8%] [32mBuilding CXX object CMakeFiles/obstacle1.dir/src/obstacle1.cpp.o[0m
[10.814s] [ 16%] [32mBuilding CXX object CMakeFiles/traffic_light_plugin.dir/src/traffic_light_plugin.cpp.o[0m
[10.821s] [ 25%] [32mBuilding CXX object CMakeFiles/turtlebot3_drive.dir/src/turtlebot3_drive.cpp.o[0m
[10.823s] [ 33%] [32mBuilding CXX object CMakeFiles/obstacles.dir/src/obstacles.cpp.o[0m
[10.827s] [ 41%] [32mBuilding CXX object CMakeFiles/obstacle2.dir/src/obstacle2.cpp.o[0m
[10.849s] [ 50%] [32mBuilding CXX object CMakeFiles/traffic_bar_plugin.dir/src/traffic_bar_plugin.cpp.o[0m
[42.545s] [ 58%] [32m[1mLinking CXX shared library libtraffic_bar_plugin.so[0m
[43.240s] [ 58%] Built target traffic_bar_plugin
[44.267s] [ 66%] [32m[1mLinking CXX executable turtlebot3_drive[0m
[45.138s] [ 75%] [32m[1mLinking CXX shared library libobstacle2.so[0m
[45.382s] [ 83%] [32m[1mLinking CXX shared library libobstacles.so[0m
[45.544s] [ 83%] Built target obstacle2
[45.672s] [ 83%] Built target turtlebot3_drive
[45.792s] [ 83%] Built target obstacles
[45.891s] [ 91%] [32m[1mLinking CXX shared library libobstacle1.so[0m
[45.951s] [100%] [32m[1mLinking CXX shared library libtraffic_light_plugin.so[0m
[46.250s] [100%] Built target obstacle1
[46.368s] [100%] Built target traffic_light_plugin
[46.391s] Invoked command in '/home/aditi/turtlebot3_ws/build/turtlebot3_gazebo' returned '0': CMAKE_PREFIX_PATH=${CMAKE_PREFIX_PATH}:/home/aditi/ws_moveit/install/moveit_configs_utils:/home/aditi/ws_moveit2/install/moveit_configs_utils:/home/aditi/ws_moveit2/install/launch_param_builder:/opt/ros/humble /usr/bin/cmake --build /home/aditi/turtlebot3_ws/build/turtlebot3_gazebo -- -j8 -l8
[46.393s] Invoking command in '/home/aditi/turtlebot3_ws/build/turtlebot3_gazebo': CMAKE_PREFIX_PATH=${CMAKE_PREFIX_PATH}:/home/aditi/ws_moveit/install/moveit_configs_utils:/home/aditi/ws_moveit2/install/moveit_configs_utils:/home/aditi/ws_moveit2/install/launch_param_builder:/opt/ros/humble /usr/bin/cmake --install /home/aditi/turtlebot3_ws/build/turtlebot3_gazebo
[46.409s] -- Install configuration: ""
[46.410s] -- Execute custom install script
[46.410s] -- Symlinking: /home/aditi/turtlebot3_ws/install/turtlebot3_gazebo/lib/turtlebot3_gazebo/turtlebot3_drive
[46.429s] -- Symlinking: /home/aditi/turtlebot3_ws/install/turtlebot3_gazebo/share/turtlebot3_gazebo//launch/empty_world.launch.py
[46.447s] -- Symlinking: /home/aditi/turtlebot3_ws/install/turtlebot3_gazebo/share/turtlebot3_gazebo//launch/multi_robot.launch.py
[46.465s] -- Symlinking: /home/aditi/turtlebot3_ws/install/turtlebot3_gazebo/share/turtlebot3_gazebo//launch/multi_spawn_turtlebot3.launch.py
[46.483s] -- Symlinking: /home/aditi/turtlebot3_ws/install/turtlebot3_gazebo/share/turtlebot3_gazebo//launch/robot_state_publisher.launch.py
[46.501s] -- Symlinking: /home/aditi/turtlebot3_ws/install/turtlebot3_gazebo/share/turtlebot3_gazebo//launch/spawn_turtlebot3.launch.py
[46.519s] -- Symlinking: /home/aditi/turtlebot3_ws/install/turtlebot3_gazebo/share/turtlebot3_gazebo//launch/turtlebot3_autorace_2020.launch.py
[46.537s] -- Symlinking: /home/aditi/turtlebot3_ws/install/turtlebot3_gazebo/share/turtlebot3_gazebo//launch/turtlebot3_dqn_stage1.launch.py
[46.555s] -- Symlinking: /home/aditi/turtlebot3_ws/install/turtlebot3_gazebo/share/turtlebot3_gazebo//launch/turtlebot3_dqn_stage2.launch.py
[46.573s] -- Symlinking: /home/aditi/turtlebot3_ws/install/turtlebot3_gazebo/share/turtlebot3_gazebo//launch/turtlebot3_dqn_stage3.launch.py
[46.590s] -- Symlinking: /home/aditi/turtlebot3_ws/install/turtlebot3_gazebo/share/turtlebot3_gazebo//launch/turtlebot3_dqn_stage4.launch.py
[46.608s] -- Symlinking: /home/aditi/turtlebot3_ws/install/turtlebot3_gazebo/share/turtlebot3_gazebo//launch/turtlebot3_house.launch.py
[46.626s] -- Symlinking: /home/aditi/turtlebot3_ws/install/turtlebot3_gazebo/share/turtlebot3_gazebo//launch/turtlebot3_world.launch.py
[46.646s] -- Symlinking: /home/aditi/turtlebot3_ws/install/turtlebot3_gazebo/share/turtlebot3_gazebo//models/turtlebot3_autorace_2020/checker/materials/checker.png
[46.665s] -- Symlinking: /home/aditi/turtlebot3_ws/install/turtlebot3_gazebo/share/turtlebot3_gazebo//models/turtlebot3_autorace_2020/checker/materials/scripts/checker.material
[46.682s] -- Symlinking: /home/aditi/turtlebot3_ws/install/turtlebot3_gazebo/share/turtlebot3_gazebo//models/turtlebot3_autorace_2020/checker/materials/textures/checker.png
[46.700s] -- Symlinking: /home/aditi/turtlebot3_ws/install/turtlebot3_gazebo/share/turtlebot3_gazebo//models/turtlebot3_autorace_2020/checker/model.config
[46.717s] -- Symlinking: /home/aditi/turtlebot3_ws/install/turtlebot3_gazebo/share/turtlebot3_gazebo//models/turtlebot3_autorace_2020/checker/model.sdf
[46.735s] -- Symlinking: /home/aditi/turtlebot3_ws/install/turtlebot3_gazebo/share/turtlebot3_gazebo//models/turtlebot3_autorace_2020/course/materials/scripts/course.material
[46.753s] -- Symlinking: /home/aditi/turtlebot3_ws/install/turtlebot3_gazebo/share/turtlebot3_gazebo//models/turtlebot3_autorace_2020/course/materials/textures/course.png
[46.770s] -- Symlinking: /home/aditi/turtlebot3_ws/install/turtlebot3_gazebo/share/turtlebot3_gazebo//models/turtlebot3_autorace_2020/course/model.config
[46.787s] -- Symlinking: /home/aditi/turtlebot3_ws/install/turtlebot3_gazebo/share/turtlebot3_gazebo//models/turtlebot3_autorace_2020/course/model.sdf
[46.805s] -- Symlinking: /home/aditi/turtlebot3_ws/install/turtlebot3_gazebo/share/turtlebot3_gazebo//models/turtlebot3_autorace_2020/traffic_bar/materials/scripts/traffic_bar.material
[46.821s] -- Symlinking: /home/aditi/turtlebot3_ws/install/turtlebot3_gazebo/share/turtlebot3_gazebo//models/turtlebot3_autorace_2020/traffic_bar/materials/textures/traffic_bar.png
[46.838s] -- Symlinking: /home/aditi/turtlebot3_ws/install/turtlebot3_gazebo/share/turtlebot3_gazebo//models/turtlebot3_autorace_2020/traffic_bar/model.config
[46.855s] -- Symlinking: /home/aditi/turtlebot3_ws/install/turtlebot3_gazebo/share/turtlebot3_gazebo//models/turtlebot3_autorace_2020/traffic_bar/model.sdf
[46.872s] -- Symlinking: /home/aditi/turtlebot3_ws/install/turtlebot3_gazebo/share/turtlebot3_gazebo//models/turtlebot3_autorace_2020/traffic_construction/materials/scripts/traffic_construction.material
[46.889s] -- Symlinking: /home/aditi/turtlebot3_ws/install/turtlebot3_gazebo/share/turtlebot3_gazebo//models/turtlebot3_autorace_2020/traffic_construction/materials/textures/traffic_construction.png
[46.906s] -- Symlinking: /home/aditi/turtlebot3_ws/install/turtlebot3_gazebo/share/turtlebot3_gazebo//models/turtlebot3_autorace_2020/traffic_construction/model.config
[46.923s] -- Symlinking: /home/aditi/turtlebot3_ws/install/turtlebot3_gazebo/share/turtlebot3_gazebo//models/turtlebot3_autorace_2020/traffic_construction/model.sdf
[46.940s] -- Symlinking: /home/aditi/turtlebot3_ws/install/turtlebot3_gazebo/share/turtlebot3_gazebo//models/turtlebot3_autorace_2020/traffic_intersection/materials/scripts/traffic_intersection.material
[46.957s] -- Symlinking: /home/aditi/turtlebot3_ws/install/turtlebot3_gazebo/share/turtlebot3_gazebo//models/turtlebot3_autorace_2020/traffic_intersection/materials/textures/traffic_intersection.png
[46.974s] -- Symlinking: /home/aditi/turtlebot3_ws/install/turtlebot3_gazebo/share/turtlebot3_gazebo//models/turtlebot3_autorace_2020/traffic_intersection/model.config
[46.991s] -- Symlinking: /home/aditi/turtlebot3_ws/install/turtlebot3_gazebo/share/turtlebot3_gazebo//models/turtlebot3_autorace_2020/traffic_intersection/model.sdf
[47.008s] -- Symlinking: /home/aditi/turtlebot3_ws/install/turtlebot3_gazebo/share/turtlebot3_gazebo//models/turtlebot3_autorace_2020/traffic_left/materials/scripts/traffic_is_left.material
[47.025s] -- Symlinking: /home/aditi/turtlebot3_ws/install/turtlebot3_gazebo/share/turtlebot3_gazebo//models/turtlebot3_autorace_2020/traffic_left/materials/textures/traffic_left.png
[47.043s] -- Symlinking: /home/aditi/turtlebot3_ws/install/turtlebot3_gazebo/share/turtlebot3_gazebo//models/turtlebot3_autorace_2020/traffic_left/model.config
[47.059s] -- Symlinking: /home/aditi/turtlebot3_ws/install/turtlebot3_gazebo/share/turtlebot3_gazebo//models/turtlebot3_autorace_2020/traffic_left/model.sdf
[47.077s] -- Symlinking: /home/aditi/turtlebot3_ws/install/turtlebot3_gazebo/share/turtlebot3_gazebo//models/turtlebot3_autorace_2020/traffic_light/materials/scripts/traffic_light.material
[47.094s] -- Symlinking: /home/aditi/turtlebot3_ws/install/turtlebot3_gazebo/share/turtlebot3_gazebo//models/turtlebot3_autorace_2020/traffic_light/materials/textures/traffic_light.png
[47.111s] -- Symlinking: /home/aditi/turtlebot3_ws/install/turtlebot3_gazebo/share/turtlebot3_gazebo//models/turtlebot3_autorace_2020/traffic_light/materials/textures/traffic_light_green.png
[47.128s] -- Symlinking: /home/aditi/turtlebot3_ws/install/turtlebot3_gazebo/share/turtlebot3_gazebo//models/turtlebot3_autorace_2020/traffic_light/materials/textures/traffic_light_red.png
[47.145s] -- Symlinking: /home/aditi/turtlebot3_ws/install/turtlebot3_gazebo/share/turtlebot3_gazebo//models/turtlebot3_autorace_2020/traffic_light/materials/textures/traffic_light_yellow.png
[47.161s] -- Symlinking: /home/aditi/turtlebot3_ws/install/turtlebot3_gazebo/share/turtlebot3_gazebo//models/turtlebot3_autorace_2020/traffic_light/model.config
[47.178s] -- Symlinking: /home/aditi/turtlebot3_ws/install/turtlebot3_gazebo/share/turtlebot3_gazebo//models/turtlebot3_autorace_2020/traffic_light/model.sdf
[47.196s] -- Symlinking: /home/aditi/turtlebot3_ws/install/turtlebot3_gazebo/share/turtlebot3_gazebo//models/turtlebot3_autorace_2020/traffic_noentry/materials/scripts/traffic_noentry.material
[47.213s] -- Symlinking: /home/aditi/turtlebot3_ws/install/turtlebot3_gazebo/share/turtlebot3_gazebo//models/turtlebot3_autorace_2020/traffic_noentry/materials/textures/traffic_noentry.png
[47.230s] -- Symlinking: /home/aditi/turtlebot3_ws/install/turtlebot3_gazebo/share/turtlebot3_gazebo//models/turtlebot3_autorace_2020/traffic_noentry/model.config
[47.247s] -- Symlinking: /home/aditi/turtlebot3_ws/install/turtlebot3_gazebo/share/turtlebot3_gazebo//models/turtlebot3_autorace_2020/traffic_noentry/model.sdf
[47.265s] -- Symlinking: /home/aditi/turtlebot3_ws/install/turtlebot3_gazebo/share/turtlebot3_gazebo//models/turtlebot3_autorace_2020/traffic_parking/materials/scripts/traffic_parking.material
[47.283s] -- Symlinking: /home/aditi/turtlebot3_ws/install/turtlebot3_gazebo/share/turtlebot3_gazebo//models/turtlebot3_autorace_2020/traffic_parking/materials/textures/traffic_parking.png
[47.300s] -- Symlinking: /home/aditi/turtlebot3_ws/install/turtlebot3_gazebo/share/turtlebot3_gazebo//models/turtlebot3_autorace_2020/traffic_parking/model.config
[47.316s] -- Symlinking: /home/aditi/turtlebot3_ws/install/turtlebot3_gazebo/share/turtlebot3_gazebo//models/turtlebot3_autorace_2020/traffic_parking/model.sdf
[47.335s] -- Symlinking: /home/aditi/turtlebot3_ws/install/turtlebot3_gazebo/share/turtlebot3_gazebo//models/turtlebot3_autorace_2020/traffic_pl_left/materials/scripts/traffic_pl_left.material
[47.352s] -- Symlinking: /home/aditi/turtlebot3_ws/install/turtlebot3_gazebo/share/turtlebot3_gazebo//models/turtlebot3_autorace_2020/traffic_pl_left/materials/textures/traffic_pl_left.png
[47.369s] -- Symlinking: /home/aditi/turtlebot3_ws/install/turtlebot3_gazebo/share/turtlebot3_gazebo//models/turtlebot3_autorace_2020/traffic_pl_left/model.config
[47.385s] -- Symlinking: /home/aditi/turtlebot3_ws/install/turtlebot3_gazebo/share/turtlebot3_gazebo//models/turtlebot3_autorace_2020/traffic_pl_left/model.sdf
[47.402s] -- Symlinking: /home/aditi/turtlebot3_ws/install/turtlebot3_gazebo/share/turtlebot3_gazebo//models/turtlebot3_autorace_2020/traffic_right/materials/scripts/traffic_right.material
[47.419s] -- Symlinking: /home/aditi/turtlebot3_ws/install/turtlebot3_gazebo/share/turtlebot3_gazebo//models/turtlebot3_autorace_2020/traffic_right/materials/textures/traffic_right.png
[47.436s] -- Symlinking: /home/aditi/turtlebot3_ws/install/turtlebot3_gazebo/share/turtlebot3_gazebo//models/turtlebot3_autorace_2020/traffic_right/model.config
[47.454s] -- Symlinking: /home/aditi/turtlebot3_ws/install/turtlebot3_gazebo/share/turtlebot3_gazebo//models/turtlebot3_autorace_2020/traffic_right/model.sdf
[47.471s] -- Symlinking: /home/aditi/turtlebot3_ws/install/turtlebot3_gazebo/share/turtlebot3_gazebo//models/turtlebot3_autorace_2020/traffic_stop/materials/scripts/traffic_stop.material
[47.489s] -- Symlinking: /home/aditi/turtlebot3_ws/install/turtlebot3_gazebo/share/turtlebot3_gazebo//models/turtlebot3_autorace_2020/traffic_stop/materials/textures/traffic_stop.png
[47.506s] -- Symlinking: /home/aditi/turtlebot3_ws/install/turtlebot3_gazebo/share/turtlebot3_gazebo//models/turtlebot3_autorace_2020/traffic_stop/model.config
[47.523s] -- Symlinking: /home/aditi/turtlebot3_ws/install/turtlebot3_gazebo/share/turtlebot3_gazebo//models/turtlebot3_autorace_2020/traffic_stop/model.sdf
[47.541s] -- Symlinking: /home/aditi/turtlebot3_ws/install/turtlebot3_gazebo/share/turtlebot3_gazebo//models/turtlebot3_autorace_2020/traffic_tunnel/materials/scripts/tunnel.material
[47.558s] -- Symlinking: /home/aditi/turtlebot3_ws/install/turtlebot3_gazebo/share/turtlebot3_gazebo//models/turtlebot3_autorace_2020/traffic_tunnel/materials/textures/tunnel.png
[47.575s] -- Symlinking: /home/aditi/turtlebot3_ws/install/turtlebot3_gazebo/share/turtlebot3_gazebo//models/turtlebot3_autorace_2020/traffic_tunnel/model.config
[47.592s] -- Symlinking: /home/aditi/turtlebot3_ws/install/turtlebot3_gazebo/share/turtlebot3_gazebo//models/turtlebot3_autorace_2020/traffic_tunnel/model.sdf
[47.609s] -- Symlinking: /home/aditi/turtlebot3_ws/install/turtlebot3_gazebo/share/turtlebot3_gazebo//models/turtlebot3_burger/model-1_4.sdf
[47.627s] -- Symlinking: /home/aditi/turtlebot3_ws/install/turtlebot3_gazebo/share/turtlebot3_gazebo//models/turtlebot3_burger/model.config
[47.644s] -- Symlinking: /home/aditi/turtlebot3_ws/install/turtlebot3_gazebo/share/turtlebot3_gazebo//models/turtlebot3_burger/model.sdf
[47.661s] -- Symlinking: /home/aditi/turtlebot3_ws/install/turtlebot3_gazebo/share/turtlebot3_gazebo//models/turtlebot3_burger_cam/model-1_4.sdf
[47.677s] -- Symlinking: /home/aditi/turtlebot3_ws/install/turtlebot3_gazebo/share/turtlebot3_gazebo//models/turtlebot3_burger_cam/model.config
[47.694s] -- Symlinking: /home/aditi/turtlebot3_ws/install/turtlebot3_gazebo/share/turtlebot3_gazebo//models/turtlebot3_burger_cam/model.sdf
[47.710s] -- Symlinking: /home/aditi/turtlebot3_ws/install/turtlebot3_gazebo/share/turtlebot3_gazebo//models/turtlebot3_common/meshes/bases/burger_base.stl
[47.727s] -- Symlinking: /home/aditi/turtlebot3_ws/install/turtlebot3_gazebo/share/turtlebot3_gazebo//models/turtlebot3_common/meshes/bases/waffle_base.stl
[47.744s] -- Symlinking: /home/aditi/turtlebot3_ws/install/turtlebot3_gazebo/share/turtlebot3_gazebo//models/turtlebot3_common/meshes/bases/waffle_pi_base.stl
[47.761s] -- Symlinking: /home/aditi/turtlebot3_ws/install/turtlebot3_gazebo/share/turtlebot3_gazebo//models/turtlebot3_common/meshes/burger_base.dae
[47.778s] -- Symlinking: /home/aditi/turtlebot3_ws/install/turtlebot3_gazebo/share/turtlebot3_gazebo//models/turtlebot3_common/meshes/lds.dae
[47.795s] -- Symlinking: /home/aditi/turtlebot3_ws/install/turtlebot3_gazebo/share/turtlebot3_gazebo//models/turtlebot3_common/meshes/r200.dae
[47.812s] -- Symlinking: /home/aditi/turtlebot3_ws/install/turtlebot3_gazebo/share/turtlebot3_gazebo//models/turtlebot3_common/meshes/sensors/astra.dae
[47.828s] -- Symlinking: /home/aditi/turtlebot3_ws/install/turtlebot3_gazebo/share/turtlebot3_gazebo//models/turtlebot3_common/meshes/sensors/astra.jpg
[47.845s] -- Symlinking: /home/aditi/turtlebot3_ws/install/turtlebot3_gazebo/share/turtlebot3_gazebo//models/turtlebot3_common/meshes/sensors/lds.stl
[47.862s] -- Symlinking: /home/aditi/turtlebot3_ws/install/turtlebot3_gazebo/share/turtlebot3_gazebo//models/turtlebot3_common/meshes/sensors/r200.dae
[47.879s] -- Symlinking: /home/aditi/turtlebot3_ws/install/turtlebot3_gazebo/share/turtlebot3_gazebo//models/turtlebot3_common/meshes/sensors/r200.jpg
[47.896s] -- Symlinking: /home/aditi/turtlebot3_ws/install/turtlebot3_gazebo/share/turtlebot3_gazebo//models/turtlebot3_common/meshes/tire.dae
[47.913s] -- Symlinking: /home/aditi/turtlebot3_ws/install/turtlebot3_gazebo/share/turtlebot3_gazebo//models/turtlebot3_common/meshes/waffle_base.dae
[47.931s] -- Symlinking: /home/aditi/turtlebot3_ws/install/turtlebot3_gazebo/share/turtlebot3_gazebo//models/turtlebot3_common/meshes/waffle_pi_base.dae
[47.948s] -- Symlinking: /home/aditi/turtlebot3_ws/install/turtlebot3_gazebo/share/turtlebot3_gazebo//models/turtlebot3_common/meshes/wheels/left_tire.stl
[47.965s] -- Symlinking: /home/aditi/turtlebot3_ws/install/turtlebot3_gazebo/share/turtlebot3_gazebo//models/turtlebot3_common/meshes/wheels/right_tire.stl
[47.982s] -- Symlinking: /home/aditi/turtlebot3_ws/install/turtlebot3_gazebo/share/turtlebot3_gazebo//models/turtlebot3_common/model.config
[47.999s] -- Symlinking: /home/aditi/turtlebot3_ws/install/turtlebot3_gazebo/share/turtlebot3_gazebo//models/turtlebot3_dqn_world/goal_box/model.config
[48.017s] -- Symlinking: /home/aditi/turtlebot3_ws/install/turtlebot3_gazebo/share/turtlebot3_gazebo//models/turtlebot3_dqn_world/goal_box/model.sdf
[48.034s] -- Symlinking: /home/aditi/turtlebot3_ws/install/turtlebot3_gazebo/share/turtlebot3_gazebo//models/turtlebot3_dqn_world/inner_walls/model.config
[48.051s] -- Symlinking: /home/aditi/turtlebot3_ws/install/turtlebot3_gazebo/share/turtlebot3_gazebo//models/turtlebot3_dqn_world/inner_walls/model.sdf
[48.068s] -- Symlinking: /home/aditi/turtlebot3_ws/install/turtlebot3_gazebo/share/turtlebot3_gazebo//models/turtlebot3_dqn_world/model.config
[48.085s] -- Symlinking: /home/aditi/turtlebot3_ws/install/turtlebot3_gazebo/share/turtlebot3_gazebo//models/turtlebot3_dqn_world/model.sdf
[48.103s] -- Symlinking: /home/aditi/turtlebot3_ws/install/turtlebot3_gazebo/share/turtlebot3_gazebo//models/turtlebot3_dqn_world/obstacle1/model.config
[48.121s] -- Symlinking: /home/aditi/turtlebot3_ws/install/turtlebot3_gazebo/share/turtlebot3_gazebo//models/turtlebot3_dqn_world/obstacle1/model.sdf
[48.138s] -- Symlinking: /home/aditi/turtlebot3_ws/install/turtlebot3_gazebo/share/turtlebot3_gazebo//models/turtlebot3_dqn_world/obstacle2/model.config
[48.155s] -- Symlinking: /home/aditi/turtlebot3_ws/install/turtlebot3_gazebo/share/turtlebot3_gazebo//models/turtlebot3_dqn_world/obstacle2/model.sdf
[48.172s] -- Symlinking: /home/aditi/turtlebot3_ws/install/turtlebot3_gazebo/share/turtlebot3_gazebo//models/turtlebot3_dqn_world/obstacles/model.config
[48.188s] -- Symlinking: /home/aditi/turtlebot3_ws/install/turtlebot3_gazebo/share/turtlebot3_gazebo//models/turtlebot3_dqn_world/obstacles/model.sdf
[48.205s] -- Symlinking: /home/aditi/turtlebot3_ws/install/turtlebot3_gazebo/share/turtlebot3_gazebo//models/turtlebot3_house/model.config
[48.222s] -- Symlinking: /home/aditi/turtlebot3_ws/install/turtlebot3_gazebo/share/turtlebot3_gazebo//models/turtlebot3_house/model.sdf
[48.239s] -- Symlinking: /home/aditi/turtlebot3_ws/install/turtlebot3_gazebo/share/turtlebot3_gazebo//models/turtlebot3_waffle/model-1_4.sdf
[48.256s] -- Symlinking: /home/aditi/turtlebot3_ws/install/turtlebot3_gazebo/share/turtlebot3_gazebo//models/turtlebot3_waffle/model.config
[48.274s] -- Symlinking: /home/aditi/turtlebot3_ws/install/turtlebot3_gazebo/share/turtlebot3_gazebo//models/turtlebot3_waffle/model.sdf
[48.290s] -- Symlinking: /home/aditi/turtlebot3_ws/install/turtlebot3_gazebo/share/turtlebot3_gazebo//models/turtlebot3_waffle_pi/model-1_4_.sdf
[48.307s] -- Symlinking: /home/aditi/turtlebot3_ws/install/turtlebot3_gazebo/share/turtlebot3_gazebo//models/turtlebot3_waffle_pi/model.config
[48.324s] -- Symlinking: /home/aditi/turtlebot3_ws/install/turtlebot3_gazebo/share/turtlebot3_gazebo//models/turtlebot3_waffle_pi/model.sdf
[48.342s] -- Symlinking: /home/aditi/turtlebot3_ws/install/turtlebot3_gazebo/share/turtlebot3_gazebo//models/turtlebot3_world/meshes/hexagon.dae
[48.359s] -- Symlinking: /home/aditi/turtlebot3_ws/install/turtlebot3_gazebo/share/turtlebot3_gazebo//models/turtlebot3_world/meshes/wall.dae
[48.376s] -- Symlinking: /home/aditi/turtlebot3_ws/install/turtlebot3_gazebo/share/turtlebot3_gazebo//models/turtlebot3_world/model-1_4.sdf
[48.393s] -- Symlinking: /home/aditi/turtlebot3_ws/install/turtlebot3_gazebo/share/turtlebot3_gazebo//models/turtlebot3_world/model.config
[48.410s] -- Symlinking: /home/aditi/turtlebot3_ws/install/turtlebot3_gazebo/share/turtlebot3_gazebo//models/turtlebot3_world/model.sdf
[48.427s] -- Symlinking: /home/aditi/turtlebot3_ws/install/turtlebot3_gazebo/share/turtlebot3_gazebo//rviz/tb3_gazebo.rviz
[48.444s] -- Symlinking: /home/aditi/turtlebot3_ws/install/turtlebot3_gazebo/share/turtlebot3_gazebo//urdf/common_properties.urdf
[48.462s] -- Symlinking: /home/aditi/turtlebot3_ws/install/turtlebot3_gazebo/share/turtlebot3_gazebo//urdf/turtlebot3_burger.urdf
[48.480s] -- Symlinking: /home/aditi/turtlebot3_ws/install/turtlebot3_gazebo/share/turtlebot3_gazebo//urdf/turtlebot3_burger_cam.urdf
[48.497s] -- Symlinking: /home/aditi/turtlebot3_ws/install/turtlebot3_gazebo/share/turtlebot3_gazebo//urdf/turtlebot3_waffle.urdf
[48.514s] -- Symlinking: /home/aditi/turtlebot3_ws/install/turtlebot3_gazebo/share/turtlebot3_gazebo//urdf/turtlebot3_waffle_pi.urdf
[48.531s] -- Symlinking: /home/aditi/turtlebot3_ws/install/turtlebot3_gazebo/share/turtlebot3_gazebo//worlds/empty_world.world
[48.548s] -- Symlinking: /home/aditi/turtlebot3_ws/install/turtlebot3_gazebo/share/turtlebot3_gazebo//worlds/turtlebot3_autorace_2020.world
[48.565s] -- Symlinking: /home/aditi/turtlebot3_ws/install/turtlebot3_gazebo/share/turtlebot3_gazebo//worlds/turtlebot3_dqn_stage1.world
[48.582s] -- Symlinking: /home/aditi/turtlebot3_ws/install/turtlebot3_gazebo/share/turtlebot3_gazebo//worlds/turtlebot3_dqn_stage2.world
[48.599s] -- Symlinking: /home/aditi/turtlebot3_ws/install/turtlebot3_gazebo/share/turtlebot3_gazebo//worlds/turtlebot3_dqn_stage3.world
[48.616s] -- Symlinking: /home/aditi/turtlebot3_ws/install/turtlebot3_gazebo/share/turtlebot3_gazebo//worlds/turtlebot3_dqn_stage4.world
[48.632s] -- Symlinking: /home/aditi/turtlebot3_ws/install/turtlebot3_gazebo/share/turtlebot3_gazebo//worlds/turtlebot3_house.world
[48.649s] -- Symlinking: /home/aditi/turtlebot3_ws/install/turtlebot3_gazebo/share/turtlebot3_gazebo//worlds/turtlebot3_world.world
[48.667s] -- Symlinking: /home/aditi/turtlebot3_ws/install/turtlebot3_gazebo/include//turtlebot3_gazebo/obstacle1.hpp
[48.683s] -- Symlinking: /home/aditi/turtlebot3_ws/install/turtlebot3_gazebo/include//turtlebot3_gazebo/obstacle2.hpp
[48.701s] -- Symlinking: /home/aditi/turtlebot3_ws/install/turtlebot3_gazebo/include//turtlebot3_gazebo/obstacles.hpp
[48.718s] -- Symlinking: /home/aditi/turtlebot3_ws/install/turtlebot3_gazebo/include//turtlebot3_gazebo/traffic_bar_plugin.hpp
[48.735s] -- Symlinking: /home/aditi/turtlebot3_ws/install/turtlebot3_gazebo/include//turtlebot3_gazebo/traffic_light_plugin.hpp
[48.753s] -- Symlinking: /home/aditi/turtlebot3_ws/install/turtlebot3_gazebo/include//turtlebot3_gazebo/turtlebot3_drive.hpp
[48.772s] -- Symlinking: /home/aditi/turtlebot3_ws/install/turtlebot3_gazebo/share/ament_index/resource_index/package_run_dependencies/turtlebot3_gazebo
[48.789s] -- Symlinking: /home/aditi/turtlebot3_ws/install/turtlebot3_gazebo/share/ament_index/resource_index/parent_prefix_path/turtlebot3_gazebo
[48.807s] -- Symlinking: /home/aditi/turtlebot3_ws/install/turtlebot3_gazebo/share/turtlebot3_gazebo/environment/ament_prefix_path.sh
[48.825s] -- Symlinking: /home/aditi/turtlebot3_ws/install/turtlebot3_gazebo/share/turtlebot3_gazebo/environment/ament_prefix_path.dsv
[48.842s] -- Symlinking: /home/aditi/turtlebot3_ws/install/turtlebot3_gazebo/share/turtlebot3_gazebo/environment/path.sh
[48.859s] -- Symlinking: /home/aditi/turtlebot3_ws/install/turtlebot3_gazebo/share/turtlebot3_gazebo/environment/path.dsv
[48.877s] -- Symlinking: /home/aditi/turtlebot3_ws/install/turtlebot3_gazebo/share/turtlebot3_gazebo/local_setup.bash
[48.894s] -- Symlinking: /home/aditi/turtlebot3_ws/install/turtlebot3_gazebo/share/turtlebot3_gazebo/local_setup.sh
[48.913s] -- Symlinking: /home/aditi/turtlebot3_ws/install/turtlebot3_gazebo/share/turtlebot3_gazebo/local_setup.zsh
[48.931s] -- Symlinking: /home/aditi/turtlebot3_ws/install/turtlebot3_gazebo/share/turtlebot3_gazebo/local_setup.dsv
[48.949s] -- Symlinking: /home/aditi/turtlebot3_ws/install/turtlebot3_gazebo/share/turtlebot3_gazebo/package.dsv
[48.967s] -- Symlinking: /home/aditi/turtlebot3_ws/install/turtlebot3_gazebo/share/ament_index/resource_index/packages/turtlebot3_gazebo
[48.985s] -- Symlinking: /home/aditi/turtlebot3_ws/install/turtlebot3_gazebo/share/turtlebot3_gazebo/cmake/ament_cmake_export_include_directories-extras.cmake
[49.002s] -- Symlinking: /home/aditi/turtlebot3_ws/install/turtlebot3_gazebo/share/turtlebot3_gazebo/cmake/ament_cmake_export_dependencies-extras.cmake
[49.020s] -- Symlinking: /home/aditi/turtlebot3_ws/install/turtlebot3_gazebo/share/turtlebot3_gazebo/cmake/turtlebot3_gazeboConfig.cmake
[49.038s] -- Symlinking: /home/aditi/turtlebot3_ws/install/turtlebot3_gazebo/share/turtlebot3_gazebo/cmake/turtlebot3_gazeboConfig-version.cmake
[49.057s] -- Symlinking: /home/aditi/turtlebot3_ws/install/turtlebot3_gazebo/share/turtlebot3_gazebo/package.xml
[49.078s] Invoked command in '/home/aditi/turtlebot3_ws/build/turtlebot3_gazebo' returned '0': CMAKE_PREFIX_PATH=${CMAKE_PREFIX_PATH}:/home/aditi/ws_moveit/install/moveit_configs_utils:/home/aditi/ws_moveit2/install/moveit_configs_utils:/home/aditi/ws_moveit2/install/launch_param_builder:/opt/ros/humble /usr/bin/cmake --install /home/aditi/turtlebot3_ws/build/turtlebot3_gazebo
