[1.103s] Invoking command in '/home/aditi/turtlebot3_ws/src/gesture_control': PYTHONPATH=/home/aditi/turtlebot3_ws/build/gesture_control/prefix_override:/usr/lib/python3/dist-packages/colcon_core/task/python/colcon_distutils_commands:/home/aditi/turtlebot3_ws/install/gesture_control/lib/python3.10/site-packages:${PYTHONPATH} /usr/bin/python3 -W ignore:setup.py install is deprecated -W ignore:easy_install command is deprecated setup.py egg_info --egg-base ../../build/gesture_control build --build-base /home/aditi/turtlebot3_ws/build/gesture_control/build install --record /home/aditi/turtlebot3_ws/build/gesture_control/install.log --single-version-externally-managed install_data
[1.557s] running egg_info
[1.557s] creating ../../build/gesture_control/gesture_control.egg-info
[1.558s] writing ../../build/gesture_control/gesture_control.egg-info/PKG-INFO
[1.558s] writing dependency_links to ../../build/gesture_control/gesture_control.egg-info/dependency_links.txt
[1.558s] writing entry points to ../../build/gesture_control/gesture_control.egg-info/entry_points.txt
[1.558s] writing requirements to ../../build/gesture_control/gesture_control.egg-info/requires.txt
[1.559s] writing top-level names to ../../build/gesture_control/gesture_control.egg-info/top_level.txt
[1.559s] writing manifest file '../../build/gesture_control/gesture_control.egg-info/SOURCES.txt'
[1.561s] reading manifest file '../../build/gesture_control/gesture_control.egg-info/SOURCES.txt'
[1.562s] writing manifest file '../../build/gesture_control/gesture_control.egg-info/SOURCES.txt'
[1.562s] running build
[1.562s] running build_py
[1.562s] creating /home/aditi/turtlebot3_ws/build/gesture_control/build
[1.563s] creating /home/aditi/turtlebot3_ws/build/gesture_control/build/lib
[1.563s] creating /home/aditi/turtlebot3_ws/build/gesture_control/build/lib/gesture_control
[1.563s] copying gesture_control/__init__.py -> /home/aditi/turtlebot3_ws/build/gesture_control/build/lib/gesture_control
[1.563s] copying gesture_control/gesture_cmdvel.py -> /home/aditi/turtlebot3_ws/build/gesture_control/build/lib/gesture_control
[1.563s] running install
[1.563s] running install_lib
[1.564s] creating /home/aditi/turtlebot3_ws/install/gesture_control/lib/python3.10/site-packages/gesture_control
[1.565s] copying /home/aditi/turtlebot3_ws/build/gesture_control/build/lib/gesture_control/__init__.py -> /home/aditi/turtlebot3_ws/install/gesture_control/lib/python3.10/site-packages/gesture_control
[1.565s] copying /home/aditi/turtlebot3_ws/build/gesture_control/build/lib/gesture_control/gesture_cmdvel.py -> /home/aditi/turtlebot3_ws/install/gesture_control/lib/python3.10/site-packages/gesture_control
[1.565s] byte-compiling /home/aditi/turtlebot3_ws/install/gesture_control/lib/python3.10/site-packages/gesture_control/__init__.py to __init__.cpython-310.pyc
[1.566s] byte-compiling /home/aditi/turtlebot3_ws/install/gesture_control/lib/python3.10/site-packages/gesture_control/gesture_cmdvel.py to gesture_cmdvel.cpython-310.pyc
[1.567s] running install_data
[1.567s] creating /home/aditi/turtlebot3_ws/install/gesture_control/share/ament_index
[1.567s] creating /home/aditi/turtlebot3_ws/install/gesture_control/share/ament_index/resource_index
[1.567s] creating /home/aditi/turtlebot3_ws/install/gesture_control/share/ament_index/resource_index/packages
[1.567s] copying resource/gesture_control -> /home/aditi/turtlebot3_ws/install/gesture_control/share/ament_index/resource_index/packages
[1.568s] copying package.xml -> /home/aditi/turtlebot3_ws/install/gesture_control/share/gesture_control
[1.568s] running install_egg_info
[1.571s] Copying ../../build/gesture_control/gesture_control.egg-info to /home/aditi/turtlebot3_ws/install/gesture_control/lib/python3.10/site-packages/gesture_control-0.0.0-py3.10.egg-info
[1.572s] running install_scripts
[1.598s] Installing gesture_cmdvel script to /home/aditi/turtlebot3_ws/install/gesture_control/lib/gesture_control
[1.599s] writing list of installed files to '/home/aditi/turtlebot3_ws/build/gesture_control/install.log'
[1.624s] Invoked command in '/home/aditi/turtlebot3_ws/src/gesture_control' returned '0': PYTHONPATH=/home/aditi/turtlebot3_ws/build/gesture_control/prefix_override:/usr/lib/python3/dist-packages/colcon_core/task/python/colcon_distutils_commands:/home/aditi/turtlebot3_ws/install/gesture_control/lib/python3.10/site-packages:${PYTHONPATH} /usr/bin/python3 -W ignore:setup.py install is deprecated -W ignore:easy_install command is deprecated setup.py egg_info --egg-base ../../build/gesture_control build --build-base /home/aditi/turtlebot3_ws/build/gesture_control/build install --record /home/aditi/turtlebot3_ws/build/gesture_control/install.log --single-version-externally-managed install_data
